

Started GET "/" for 127.0.0.1 at 2014-08-30 12:43:18 -0300
Processing by Rails::WelcomeController#index as HTML
  Rendered /home/felipe/.rvm/gems/ruby-2.1.2/gems/railties-4.1.1/lib/rails/templates/rails/welcome/index.html.erb (2.9ms)
Completed 200 OK in 73ms (Views: 50.5ms | ActiveRecord: 0.0ms)


Started GET "/" for 127.0.0.1 at 2014-08-30 12:50:58 -0300
Processing by Rails::WelcomeController#index as HTML
  Rendered /home/felipe/.rvm/gems/ruby-2.1.2/gems/railties-4.1.1/lib/rails/templates/rails/welcome/index.html.erb (1.9ms)
Completed 200 OK in 21ms (Views: 7.6ms | ActiveRecord: 0.0ms)


Started GET "/" for 127.0.0.1 at 2014-08-30 12:51:01 -0300
Processing by Rails::WelcomeController#index as HTML
  Rendered /home/felipe/.rvm/gems/ruby-2.1.2/gems/railties-4.1.1/lib/rails/templates/rails/welcome/index.html.erb (0.1ms)
Completed 200 OK in 2ms (Views: 1.3ms | ActiveRecord: 0.0ms)


Started GET "/" for 127.0.0.1 at 2014-08-30 12:54:27 -0300
Processing by Rails::WelcomeController#index as HTML
  Rendered /home/felipe/.rvm/gems/ruby-2.1.2/gems/railties-4.1.1/lib/rails/templates/rails/welcome/index.html.erb (1.9ms)
Completed 200 OK in 21ms (Views: 8.0ms | ActiveRecord: 0.0ms)


Started GET "/home/index" for 127.0.0.1 at 2014-08-30 12:56:46 -0300
Processing by HomeController#index as HTML
  Rendered home/index.html.erb within layouts/application (1.4ms)
Completed 200 OK in 479ms (Views: 466.2ms | ActiveRecord: 0.0ms)


Started GET "/assets/home.css?body=1" for 127.0.0.1 at 2014-08-30 12:56:47 -0300


Started GET "/assets/application.css?body=1" for 127.0.0.1 at 2014-08-30 12:56:47 -0300


Started GET "/assets/jquery.js?body=1" for 127.0.0.1 at 2014-08-30 12:56:47 -0300


Started GET "/assets/turbolinks.js?body=1" for 127.0.0.1 at 2014-08-30 12:56:47 -0300


Started GET "/assets/jquery_ujs.js?body=1" for 127.0.0.1 at 2014-08-30 12:56:47 -0300


Started GET "/assets/home.js?body=1" for 127.0.0.1 at 2014-08-30 12:56:47 -0300


Started GET "/assets/application.js?body=1" for 127.0.0.1 at 2014-08-30 12:56:47 -0300
  [1m[36m (179.0ms)[0m  [1mCREATE TABLE "schema_migrations" ("version" varchar(255) NOT NULL) [0m
  [1m[35m (0.2ms)[0m  select sqlite_version(*)
  [1m[36m (132.2ms)[0m  [1mCREATE UNIQUE INDEX "unique_schema_migrations" ON "schema_migrations" ("version")[0m
  [1m[35mActiveRecord::SchemaMigration Load (0.2ms)[0m  SELECT "schema_migrations".* FROM "schema_migrations"
Migrating to CreateCategoria (20140830155908)
  [1m[36m (0.2ms)[0m  [1mbegin transaction[0m
  [1m[35m (0.5ms)[0m  CREATE TABLE "categoria" ("id" INTEGER PRIMARY KEY AUTOINCREMENT NOT NULL, "nome" varchar(255), "created_at" datetime, "updated_at" datetime) 
  [1m[36mSQL (0.4ms)[0m  [1mINSERT INTO "schema_migrations" ("version") VALUES (?)[0m  [["version", "20140830155908"]]
  [1m[35m (166.9ms)[0m  commit transaction
Migrating to CreateVotos (20140830160103)
  [1m[36m (0.1ms)[0m  [1mbegin transaction[0m
  [1m[35m (0.7ms)[0m  CREATE TABLE "votos" ("id" INTEGER PRIMARY KEY AUTOINCREMENT NOT NULL, "receita_id" integer, "categoria_id" integer, "usuario_id" integer, "like" boolean, "comentario" text, "created_at" datetime, "updated_at" datetime) 
  [1m[36mSQL (0.3ms)[0m  [1mINSERT INTO "schema_migrations" ("version") VALUES (?)[0m  [["version", "20140830160103"]]
  [1m[35m (138.3ms)[0m  commit transaction
Migrating to CreateReceita (20140830160136)
  [1m[36m (0.2ms)[0m  [1mbegin transaction[0m
  [1m[35m (0.8ms)[0m  CREATE TABLE "receita" ("id" INTEGER PRIMARY KEY AUTOINCREMENT NOT NULL, "cloned_from_id" integer, "usuario_id" integer, "titulo" varchar(255), "descricao" text, "deleted_at" datetime, "created_at" datetime, "updated_at" datetime) 
  [1m[36mSQL (0.3ms)[0m  [1mINSERT INTO "schema_migrations" ("version") VALUES (?)[0m  [["version", "20140830160136"]]
  [1m[35m (138.2ms)[0m  commit transaction
Migrating to ReceitasCategorias (20140830160615)
  [1m[36m (0.1ms)[0m  [1mbegin transaction[0m
  [1m[35m (0.1ms)[0m  rollback transaction
  [1m[36mActiveRecord::SchemaMigration Load (0.2ms)[0m  [1mSELECT "schema_migrations".* FROM "schema_migrations"[0m
Migrating to ReceitasCategorias (20140830160615)
  [1m[35m (0.1ms)[0m  begin transaction
  [1m[36m (0.1ms)[0m  [1mrollback transaction[0m
